2024-11-17 10:02:53,751 [INFO] Activator:176 - 


2024-11-17 10:02:53,751 [INFO] Activator:177 - !SESSION log4j initialized
2024-11-17 10:02:57,291 [INFO] LogOutputStream:77 - [STDOUT_REDIRECT] 
2024-11-17 10:03:00,297 [INFO] ApplicationProperties:184 - Using Application install path: D:\IDE\STM32CubeIDE_1.14.1\STM32CubeIDE\plugins\com.st.stm32cube.common.mx_6.11.0.202403141607
2024-11-17 10:03:00,311 [INFO] DbMcusXml:78 - Set database path to: D:\IDE\STM32CubeIDE_1.14.1\STM32CubeIDE\plugins\com.st.stm32cube.common.mx_6.11.0.202403141607\\db\/mcu/
2024-11-17 10:03:00,311 [INFO] ApiDb:274 - Set plugin database path to: D:\IDE\STM32CubeIDE_1.14.1\STM32CubeIDE\plugins\com.st.stm32cube.common.mx_6.11.0.202403141607\\db\/plugins/boardmanager/
2024-11-17 10:03:00,311 [WARN] ApiDb:259 - Overriding images path with different value:  => D:\IDE\STM32CubeIDE_1.14.1\STM32CubeIDE\plugins\com.st.stm32cube.common.mx_6.11.0.202403141607\\db\/plugins/mcufinder/images/
2024-11-17 10:03:00,323 [INFO] ApiDb:250 - Set database path to: C:\Users\lizha\.stmcufinder\plugins\mcufinder//mcu/
2024-11-17 10:03:00,324 [INFO] DbMcusAds:125 - Set database path to: C:\Users\lizha\.stmcufinder\plugins\mcufinder//mcu/
2024-11-17 10:03:00,325 [INFO] CrossReferenceDbSqlite:203 - Set database path to: C:\Users\lizha\.stmcufinder\plugins\mcufinder//mcu/cs/
2024-11-17 10:03:00,399 [INFO] RulesReader:64 - Compatibility file has been processed (297 Rules)
2024-11-17 10:03:00,459 [INFO] DbMcusXml:78 - Set database path to: D:\IDE\STM32CubeIDE_1.14.1\STM32CubeIDE\plugins\com.st.stm32cube.common.mx_6.11.0.202403141607\\db\/mcu/
2024-11-17 10:03:00,459 [INFO] ApiDb:274 - Set plugin database path to: D:\IDE\STM32CubeIDE_1.14.1\STM32CubeIDE\plugins\com.st.stm32cube.common.mx_6.11.0.202403141607\\db\/plugins/boardmanager/
2024-11-17 10:03:00,459 [INFO] ApiDb:261 - Set plugin images path to: D:\IDE\STM32CubeIDE_1.14.1\STM32CubeIDE\plugins\com.st.stm32cube.common.mx_6.11.0.202403141607\\db\/plugins/mcufinder/images/
2024-11-17 10:03:00,459 [WARN] DbFile:41 - Overriding database path with different value: C:\Users\lizha\.stmcufinder\plugins\mcufinder/ => C:\Users\lizha\.stmcufinder\plugins\mcufinder
2024-11-17 10:03:00,459 [INFO] ApiDb:250 - Set database path to: C:\Users\lizha\.stmcufinder\plugins\mcufinder//mcu/
2024-11-17 10:03:00,459 [WARN] DbFile:41 - Overriding database path with different value: C:\Users\lizha\.stmcufinder\plugins\mcufinder/ => C:\Users\lizha\.stmcufinder\plugins\mcufinder
2024-11-17 10:03:00,459 [INFO] DbMcusAds:125 - Set database path to: C:\Users\lizha\.stmcufinder\plugins\mcufinder//mcu/
2024-11-17 10:03:00,459 [WARN] DbFile:41 - Overriding database path with different value: C:\Users\lizha\.stmcufinder\plugins\mcufinder/ => C:\Users\lizha\.stmcufinder\plugins\mcufinder
2024-11-17 10:03:00,459 [WARN] DbFile:41 - Overriding database path with different value: C:\Users\lizha\.stmcufinder\plugins\mcufinder/ => C:\Users\lizha\.stmcufinder\plugins\mcufinder
2024-11-17 10:03:00,459 [INFO] CrossReferenceDbSqlite:203 - Set database path to: C:\Users\lizha\.stmcufinder\plugins\mcufinder//mcu/cs/
2024-11-17 10:03:00,517 [INFO] MainPanel:264 - HeapMemory: 268435456
2024-11-17 10:03:00,594 [INFO] DbMcusXml:78 - Set database path to: D:\IDE\STM32CubeIDE_1.14.1\STM32CubeIDE\plugins\com.st.stm32cube.common.mx_6.11.0.202403141607\\db\/mcu/
2024-11-17 10:03:00,594 [INFO] ApiDb:274 - Set plugin database path to: D:\IDE\STM32CubeIDE_1.14.1\STM32CubeIDE\plugins\com.st.stm32cube.common.mx_6.11.0.202403141607\\db\/plugins/boardmanager/
2024-11-17 10:03:00,594 [INFO] ApiDb:261 - Set plugin images path to: D:\IDE\STM32CubeIDE_1.14.1\STM32CubeIDE\plugins\com.st.stm32cube.common.mx_6.11.0.202403141607\\db\/plugins/mcufinder/images/
2024-11-17 10:03:00,594 [WARN] DbFile:41 - Overriding database path with different value: C:\Users\lizha\.stmcufinder\plugins\mcufinder/ => C:\Users\lizha\.stmcufinder\plugins\mcufinder
2024-11-17 10:03:00,594 [INFO] ApiDb:250 - Set database path to: C:\Users\lizha\.stmcufinder\plugins\mcufinder//mcu/
2024-11-17 10:03:00,594 [WARN] DbFile:41 - Overriding database path with different value: C:\Users\lizha\.stmcufinder\plugins\mcufinder/ => C:\Users\lizha\.stmcufinder\plugins\mcufinder
2024-11-17 10:03:00,594 [INFO] DbMcusAds:125 - Set database path to: C:\Users\lizha\.stmcufinder\plugins\mcufinder//mcu/
2024-11-17 10:03:00,594 [WARN] DbFile:41 - Overriding database path with different value: C:\Users\lizha\.stmcufinder\plugins\mcufinder/ => C:\Users\lizha\.stmcufinder\plugins\mcufinder
2024-11-17 10:03:00,594 [WARN] DbFile:41 - Overriding database path with different value: C:\Users\lizha\.stmcufinder\plugins\mcufinder/ => C:\Users\lizha\.stmcufinder\plugins\mcufinder
2024-11-17 10:03:00,594 [INFO] CrossReferenceDbSqlite:203 - Set database path to: C:\Users\lizha\.stmcufinder\plugins\mcufinder//mcu/cs/
2024-11-17 10:03:00,607 [INFO] ApplicationProperties:184 - Using Application install path: D:\IDE\STM32CubeIDE_1.14.1\STM32CubeIDE\plugins\com.st.stm32cube.common.mx_6.11.0.202403141607
2024-11-17 10:03:00,609 [INFO] PluginManage:196 - Search for loadable plugins [exclusion list=, ]
2024-11-17 10:03:00,609 [INFO] PluginManage:310 - Check plugin analytics
2024-11-17 10:03:00,722 [INFO] AnalyticsPlugin:253 - Accepted Software Licenses: STM32CubeMX.6.11.0
2024-11-17 10:03:00,722 [INFO] AnalyticsPlugin:255 - Accepted CMSIS Pack Licenses: 
2024-11-17 10:03:00,722 [INFO] AnalyticsPlugin:257 - Accepted Firmware Licenses: FW.F4.1.28.0,FW.H7.1.11.0
2024-11-17 10:03:00,725 [INFO] PluginManage:359 - Loaded plugin analytics (category:tool,tabindex:-1)
2024-11-17 10:03:00,725 [INFO] PluginManage:310 - Check plugin cadmodel
2024-11-17 10:03:00,736 [INFO] CADModel:105 - Init CAD model plugin
2024-11-17 10:03:00,736 [INFO] PluginManage:359 - Loaded plugin cadmodel (category:power,tabindex:5)
2024-11-17 10:03:00,736 [INFO] PluginManage:310 - Check plugin clock
2024-11-17 10:03:00,748 [INFO] PluginManage:359 - Loaded plugin clock (category:base,tabindex:2)
2024-11-17 10:03:00,748 [INFO] PluginManage:310 - Check plugin ddr
2024-11-17 10:03:00,750 [INFO] PluginManage:359 - Loaded plugin ddr (category:tool,tabindex:6)
2024-11-17 10:03:00,750 [INFO] PluginManage:310 - Check plugin filemanager
2024-11-17 10:03:00,842 [INFO] PluginManage:359 - Loaded plugin filemanager (category:base,tabindex:10)
2024-11-17 10:03:00,842 [INFO] PluginManage:310 - Check plugin ipmanager
2024-11-17 10:03:00,847 [INFO] PluginManage:359 - Loaded plugin ipmanager (category:base,tabindex:5)
2024-11-17 10:03:00,850 [INFO] PluginManage:310 - Check plugin lpbam
2024-11-17 10:03:00,861 [INFO] PluginManage:359 - Loaded plugin lpbam (category:base,tabindex:0)
2024-11-17 10:03:00,861 [INFO] PluginManage:310 - Check plugin memorymap
2024-11-17 10:03:00,877 [INFO] PluginManage:359 - Loaded plugin memorymap (category:base,tabindex:4)
2024-11-17 10:03:00,877 [INFO] PluginManage:310 - Check plugin pinoutandconfiguration
2024-11-17 10:03:00,881 [INFO] PluginManage:359 - Loaded plugin pinoutandconfiguration (category:base,tabindex:1)
2024-11-17 10:03:00,881 [INFO] PluginManage:310 - Check plugin pinoutconfig
2024-11-17 10:03:00,953 [WARN] SupportedApi:132 - Cannot load RTOS API schema: s4s-elt-must-match.1: The content of 'definitions' must match (annotation?, (simpleType | complexType)?, (unique | key | keyref)*)). A problem was found starting at: attribute.
2024-11-17 10:03:01,046 [INFO] PluginManage:359 - Loaded plugin pinoutconfig (category:base,tabindex:0)
2024-11-17 10:03:01,046 [INFO] PluginManage:310 - Check plugin power
2024-11-17 10:03:01,057 [INFO] PluginManage:359 - Loaded plugin power (category:power,tabindex:4)
2024-11-17 10:03:01,057 [INFO] PluginManage:310 - Check plugin projectmanager
2024-11-17 10:03:01,065 [INFO] PluginManage:359 - Loaded plugin projectmanager (category:projectmanager,tabindex:3)
2024-11-17 10:03:01,065 [INFO] PluginManage:310 - Check plugin thirdparty
2024-11-17 10:03:01,207 [INFO] PluginManage:359 - Loaded plugin thirdparty (category:base,tabindex:-1)
2024-11-17 10:03:01,207 [INFO] PluginManage:310 - Check plugin tools
2024-11-17 10:03:01,207 [WARN] IntegrityCheckThread:84 - waiting for thirdparty lock release [integrity check]
2024-11-17 10:03:01,207 [INFO] IntegrityCheckThread:86 - entering critical section [integrity check]
2024-11-17 10:03:01,207 [INFO] ThirdPartyUpdaterWithRetryManager:70 - Updater plugin not ready yet. [1/15]
2024-11-17 10:03:01,227 [INFO] PluginManage:359 - Loaded plugin tools (category:base,tabindex:7)
2024-11-17 10:03:01,227 [INFO] PluginManage:310 - Check plugin tutovideos
2024-11-17 10:03:01,337 [INFO] PluginManage:359 - Loaded plugin tutovideos (category:base,tabindex:-1)
2024-11-17 10:03:01,337 [INFO] PluginManage:310 - Check plugin updater
2024-11-17 10:03:01,343 [INFO] PluginManage:359 - Loaded plugin updater (category:base,tabindex:12)
2024-11-17 10:03:01,343 [INFO] PluginManage:310 - Check plugin userauth
2024-11-17 10:03:01,348 [INFO] UserAuth:114 - Init User Auth plugin
2024-11-17 10:03:01,348 [INFO] PluginManage:359 - Loaded plugin userauth (category:base,tabindex:14)
2024-11-17 10:03:01,348 [INFO] PluginManage:283 - PluginManage : Loaded plugins [17]
2024-11-17 10:03:01,463 [INFO] PinOutPanel:1561 - setPackage(No Configuration,No Configuration)
2024-11-17 10:03:01,500 [INFO] CADModel:165 - CPN selected for project level
2024-11-17 10:03:01,500 [INFO] CADModel:114 - Register for checkConnection events
2024-11-17 10:03:01,516 [INFO] IPUIPlugin:80 - create IPUIPlugin
2024-11-17 10:03:01,517 [INFO] PluginManager:220 - loadIPPluginJar : add adc
2024-11-17 10:03:01,535 [INFO] IPUIPlugin:80 - create IPUIPlugin
2024-11-17 10:03:01,535 [INFO] PluginManager:220 - loadIPPluginJar : add aes
2024-11-17 10:03:01,557 [INFO] IPUIPlugin:80 - create IPUIPlugin
2024-11-17 10:03:01,557 [INFO] PluginManager:220 - loadIPPluginJar : add can
2024-11-17 10:03:01,570 [INFO] IPUIPlugin:80 - create IPUIPlugin
2024-11-17 10:03:01,570 [INFO] PluginManager:220 - loadIPPluginJar : add comp
2024-11-17 10:03:01,586 [INFO] IPUIPlugin:80 - create IPUIPlugin
2024-11-17 10:03:01,586 [INFO] PluginManager:220 - loadIPPluginJar : add cryp
2024-11-17 10:03:01,601 [INFO] IPUIPlugin:80 - create IPUIPlugin
2024-11-17 10:03:01,601 [INFO] PluginManager:220 - loadIPPluginJar : add dfsdm
2024-11-17 10:03:01,609 [INFO] IPUIPlugin:80 - create IPUIPlugin
2024-11-17 10:03:01,609 [INFO] PluginManager:220 - loadIPPluginJar : add dma
2024-11-17 10:03:01,629 [INFO] IPUIPlugin:80 - create IPUIPlugin
2024-11-17 10:03:01,629 [INFO] PluginManager:220 - loadIPPluginJar : add dma3
2024-11-17 10:03:01,651 [INFO] IPUIPlugin:80 - create IPUIPlugin
2024-11-17 10:03:01,652 [INFO] PluginManager:220 - loadIPPluginJar : add extmemmanager
2024-11-17 10:03:01,666 [INFO] IPUIPlugin:80 - create IPUIPlugin
2024-11-17 10:03:01,666 [INFO] PluginManager:220 - loadIPPluginJar : add fatfs
2024-11-17 10:03:01,702 [INFO] IPUIPlugin:80 - create IPUIPlugin
2024-11-17 10:03:01,702 [INFO] PluginManager:220 - loadIPPluginJar : add fmc
2024-11-17 10:03:01,711 [INFO] IPUIPlugin:80 - create IPUIPlugin
2024-11-17 10:03:01,711 [INFO] PluginManager:220 - loadIPPluginJar : add freertos
2024-11-17 10:03:01,723 [INFO] IPUIPlugin:80 - create IPUIPlugin
2024-11-17 10:03:01,723 [INFO] PluginManager:220 - loadIPPluginJar : add genericplugin
2024-11-17 10:03:01,783 [INFO] IPUIPlugin:80 - create IPUIPlugin
2024-11-17 10:03:01,783 [INFO] PluginManager:220 - loadIPPluginJar : add gfxmmu
2024-11-17 10:03:01,883 [INFO] IPUIPlugin:80 - create IPUIPlugin
2024-11-17 10:03:01,883 [INFO] PluginManager:220 - loadIPPluginJar : add gic
2024-11-17 10:03:01,892 [INFO] IPUIPlugin:80 - create IPUIPlugin
2024-11-17 10:03:01,892 [INFO] PluginManager:220 - loadIPPluginJar : add gpio
2024-11-17 10:03:01,956 [INFO] IPUIPlugin:80 - create IPUIPlugin
2024-11-17 10:03:01,956 [INFO] PluginManager:220 - loadIPPluginJar : add gtzc
2024-11-17 10:03:01,983 [INFO] IPUIPlugin:80 - create IPUIPlugin
2024-11-17 10:03:01,983 [INFO] PluginManager:220 - loadIPPluginJar : add hash
2024-11-17 10:03:02,027 [INFO] IPUIPlugin:80 - create IPUIPlugin
2024-11-17 10:03:02,027 [INFO] PluginManager:220 - loadIPPluginJar : add i2c
2024-11-17 10:03:02,059 [INFO] IPUIPlugin:80 - create IPUIPlugin
2024-11-17 10:03:02,059 [INFO] PluginManager:220 - loadIPPluginJar : add i2s
2024-11-17 10:03:02,091 [INFO] IPUIPlugin:80 - create IPUIPlugin
2024-11-17 10:03:02,091 [INFO] PluginManager:220 - loadIPPluginJar : add i3c
2024-11-17 10:03:02,148 [INFO] IPUIPlugin:80 - create IPUIPlugin
2024-11-17 10:03:02,148 [INFO] PluginManager:220 - loadIPPluginJar : add ipddr
2024-11-17 10:03:02,204 [INFO] IPUIPlugin:80 - create IPUIPlugin
2024-11-17 10:03:02,204 [INFO] PluginManager:220 - loadIPPluginJar : add linkedlist
2024-11-17 10:03:02,231 [INFO] IPUIPlugin:80 - create IPUIPlugin
2024-11-17 10:03:02,231 [INFO] PluginManager:220 - loadIPPluginJar : add lorawan
2024-11-17 10:03:02,262 [INFO] IPUIPlugin:80 - create IPUIPlugin
2024-11-17 10:03:02,262 [INFO] PluginManager:220 - loadIPPluginJar : add ltdc
2024-11-17 10:03:02,271 [INFO] IPUIPlugin:80 - create IPUIPlugin
2024-11-17 10:03:02,271 [INFO] PluginManager:220 - loadIPPluginJar : add mdma
2024-11-17 10:03:02,278 [INFO] IPUIPlugin:80 - create IPUIPlugin
2024-11-17 10:03:02,278 [INFO] PluginManager:220 - loadIPPluginJar : add nvic
2024-11-17 10:03:02,299 [INFO] IPUIPlugin:80 - create IPUIPlugin
2024-11-17 10:03:02,299 [INFO] PluginManager:220 - loadIPPluginJar : add opamp
2024-11-17 10:03:02,332 [INFO] IPUIPlugin:80 - create IPUIPlugin
2024-11-17 10:03:02,332 [INFO] PluginManager:220 - loadIPPluginJar : add openamp
2024-11-17 10:03:02,367 [INFO] IPUIPlugin:80 - create IPUIPlugin
2024-11-17 10:03:02,367 [INFO] PluginManager:220 - loadIPPluginJar : add pdm2pcm
2024-11-17 10:03:02,375 [INFO] IPUIPlugin:80 - create IPUIPlugin
2024-11-17 10:03:02,376 [INFO] PluginManager:220 - loadIPPluginJar : add plateformsettings
2024-11-17 10:03:02,387 [INFO] IPUIPlugin:80 - create IPUIPlugin
2024-11-17 10:03:02,387 [INFO] PluginManager:220 - loadIPPluginJar : add quadspi
2024-11-17 10:03:02,394 [INFO] IPUIPlugin:80 - create IPUIPlugin
2024-11-17 10:03:02,394 [INFO] PluginManager:220 - loadIPPluginJar : add resmgrutility
2024-11-17 10:03:02,420 [INFO] IPUIPlugin:80 - create IPUIPlugin
2024-11-17 10:03:02,420 [INFO] PluginManager:220 - loadIPPluginJar : add sai
2024-11-17 10:03:02,438 [INFO] IPUIPlugin:80 - create IPUIPlugin
2024-11-17 10:03:02,438 [INFO] PluginManager:220 - loadIPPluginJar : add spi
2024-11-17 10:03:02,477 [INFO] IPUIPlugin:80 - create IPUIPlugin
2024-11-17 10:03:02,477 [INFO] PluginManager:220 - loadIPPluginJar : add stm32_wpan
2024-11-17 10:03:02,496 [INFO] IPUIPlugin:80 - create IPUIPlugin
2024-11-17 10:03:02,496 [INFO] PluginManager:220 - loadIPPluginJar : add tim
2024-11-17 10:03:02,548 [INFO] IPUIPlugin:80 - create IPUIPlugin
2024-11-17 10:03:02,548 [INFO] PluginManager:220 - loadIPPluginJar : add touchsensing
2024-11-17 10:03:02,568 [INFO] IPUIPlugin:80 - create IPUIPlugin
2024-11-17 10:03:02,568 [INFO] PluginManager:220 - loadIPPluginJar : add tracer_emb
2024-11-17 10:03:02,590 [INFO] IPUIPlugin:80 - create IPUIPlugin
2024-11-17 10:03:02,590 [INFO] PluginManager:220 - loadIPPluginJar : add ts
2024-11-17 10:03:02,609 [INFO] IPUIPlugin:80 - create IPUIPlugin
2024-11-17 10:03:02,609 [INFO] PluginManager:220 - loadIPPluginJar : add tsc
2024-11-17 10:03:02,627 [INFO] IPUIPlugin:80 - create IPUIPlugin
2024-11-17 10:03:02,627 [INFO] PluginManager:220 - loadIPPluginJar : add ucpd
2024-11-17 10:03:02,664 [INFO] IPUIPlugin:80 - create IPUIPlugin
2024-11-17 10:03:02,664 [INFO] PluginManager:220 - loadIPPluginJar : add usart
2024-11-17 10:03:02,686 [INFO] IPUIPlugin:80 - create IPUIPlugin
2024-11-17 10:03:02,686 [INFO] PluginManager:220 - loadIPPluginJar : add usbx
2024-11-17 10:03:02,789 [INFO] CADModel:165 - CPN selected for project level
2024-11-17 10:03:02,789 [INFO] CADModel:114 - Register for checkConnection events
2024-11-17 10:03:02,789 [FATAL] Updater:308 - Updater called before beeing initialized
2024-11-17 10:03:02,789 [ERROR] CADModel:125 - Updater not yet initialized, retry later 
2024-11-17 10:03:02,870 [INFO] CADModel:165 - CPN selected for project level
2024-11-17 10:03:02,870 [INFO] CADModel:114 - Register for checkConnection events
2024-11-17 10:03:02,870 [FATAL] Updater:308 - Updater called before beeing initialized
2024-11-17 10:03:02,870 [ERROR] CADModel:125 - Updater not yet initialized, retry later 
2024-11-17 10:03:02,873 [FATAL] Updater:308 - Updater called before beeing initialized
2024-11-17 10:03:02,923 [FATAL] Updater:308 - Updater called before beeing initialized
2024-11-17 10:03:02,928 [INFO] DbMcusAds:53 - JSON generation date=Fri Sep 20 21:04:38 CST 2024 (1726837478367)
2024-11-17 10:03:02,928 [FATAL] Updater:308 - Updater called before beeing initialized
2024-11-17 10:03:02,969 [WARN] DetailPanel:346 - Failed to get advertising image, set to default
2024-11-17 10:03:03,013 [FATAL] Updater:308 - Updater called before beeing initialized
2024-11-17 10:03:03,014 [FATAL] Updater:308 - Updater called before beeing initialized
2024-11-17 10:03:03,014 [FATAL] Updater:308 - Updater called before beeing initialized
2024-11-17 10:03:03,014 [WARN] DetailPanel:346 - Failed to get advertising image, set to default
2024-11-17 10:03:03,014 [FATAL] Updater:308 - Updater called before beeing initialized
2024-11-17 10:03:03,043 [ERROR] Updater:1120 - MainUpdater not yet initialized. External WinMGr cannot be set.
2024-11-17 10:03:03,048 [INFO] Updater:1056 - Updater Version found : 6.11.0
2024-11-17 10:03:03,063 [INFO] ApplicationProperties:184 - Using Application install path: D:\IDE\STM32CubeIDE_1.14.1\STM32CubeIDE\plugins\com.st.stm32cube.common.mx_6.11.0.202403141607
2024-11-17 10:03:03,394 [INFO] MainUpdater:2873 - connection check result : 10
2024-11-17 10:03:03,394 [INFO] MainUpdater:3567 - Updater definition file requires update
2024-11-17 10:03:03,394 [INFO] MainUpdater:290 - Updater Check For Update Now.
2024-11-17 10:03:03,394 [INFO] MicroXplorer:498 - Change Database Version : DB.6.0.110
2024-11-17 10:03:03,401 [INFO] McuFinderGlobals:63 - Set McuFinder mode to 2 (CubeIDE integrated)
2024-11-17 10:03:03,406 [INFO] UserAuth:415 - Internet connection configuration mode: 1
2024-11-17 10:03:03,419 [INFO] JxBrowserEngine:152 - Initiate JxBrowser Engine with user profile folder
2024-11-17 10:03:03,585 [INFO] ServerAccessManage:473 - Download File updaters.zip
2024-11-17 10:03:03,668 [INFO] FileExtend:240 - Unzip File : updaters.zip
2024-11-17 10:03:03,668 [INFO] FileExtend:255 - Standard Zip Deflate
2024-11-17 10:03:03,863 [INFO] ServerAccessManage:473 - Download File PacksControlFlags.xml
2024-11-17 10:03:03,935 [INFO] ServerAccessManage:473 - Download File cubemx.pidx
2024-11-17 10:03:04,104 [INFO] ServerAccessManage:473 - Download File STMicroelectronics.FP-ATR-ASTRA1.pdsc
2024-11-17 10:03:04,209 [WARN] MainUpdater:1194 - Updater busy. Cannot search thirdparties
2024-11-17 10:03:04,209 [INFO] ThirdPartyUpdaterWithRetryManager:96 - Updater plugin is busy. [1/15]
2024-11-17 10:03:06,311 [INFO] ServerAccessManage:473 - Download File quantropi.X-CUBE-qispace-sdk-base.pdsc
2024-11-17 10:03:06,630 [WARN] PackLoader:240 - Cannot read IP mode file for STMicroelectronics.FP-ATR-ASTRA1.2.0.1
2024-11-17 10:03:06,642 [WARN] ConditionMgr:438 - getConditionDescription Invalid condition id : Cortex-A Device cause : null
2024-11-17 10:03:06,651 [WARN] ConditionMgr:1039 - genDependencies : Invalid condition id : Cortex-A Device cause : null
2024-11-17 10:03:06,653 [WARN] ConditionMgr:1039 - genDependencies : Invalid condition id : Cortex-A Device cause : null
2024-11-17 10:03:06,653 [WARN] ConditionMgr:1039 - genDependencies : Invalid condition id : Cortex-A Device cause : null
2024-11-17 10:03:06,653 [INFO] PopulateThirdPartyThread:66 - Ending populate Thread
2024-11-17 10:03:06,653 [INFO] ThirdParty:1030 - CMSIS Pack Vendor :STMicroelectronics FP-ATR-ASTRA1 2.0.1
2024-11-17 10:03:06,653 [INFO] ThirdParty:1030 - CMSIS Pack Vendor :quantropi X-CUBE-qispace-sdk-base 1.9.3
2024-11-17 10:03:06,653 [INFO] LoadServerUpdatesThread:375 - End of LoadServerUpdate Thread
2024-11-17 10:03:06,773 [INFO] CheckServerUpdateThread:120 - End of CheckServer Thread
2024-11-17 10:03:07,371 [WARN] PackLoader:240 - Cannot read IP mode file for STMicroelectronics.FP-SNS-MOTENVWB1.1.4.0
2024-11-17 10:03:07,371 [WARN] PackLoader:240 - Cannot read IP mode file for STMicroelectronics.FP-ATR-ASTRA1.2.0.1
2024-11-17 10:03:07,383 [WARN] PackLoader:240 - Cannot read IP mode file for STMicroelectronics.X-CUBE-SMBUS.2.1.0
2024-11-17 10:03:07,390 [WARN] PackLoader:240 - Cannot read IP mode file for STMicroelectronics.X-CUBE-WB05N.1.1.0
2024-11-17 10:03:07,390 [WARN] PackLoader:240 - Cannot read IP mode file for STMicroelectronics.X-CUBE-TOUCHGFX.4.23.1
2024-11-17 10:03:07,404 [WARN] PackLoader:240 - Cannot read IP mode file for STMicroelectronics.X-CUBE-TOUCHGFX.4.23.0
2024-11-17 10:03:07,404 [WARN] PackLoader:240 - Cannot read IP mode file for STMicroelectronics.X-CUBE-TOUCHGFX.4.23.2
2024-11-17 10:03:07,421 [WARN] PackLoader:240 - Cannot read IP mode file for STMicroelectronics.X-CUBE-AZRTOS-F7.1.1.0
2024-11-17 10:03:07,434 [WARN] PackLoader:240 - Cannot read IP mode file for STMicroelectronics.FP-SNS-MOTENV1.4.3.2
2024-11-17 10:03:07,471 [WARN] PackLoader:240 - Cannot read IP mode file for STMicroelectronics.X-CUBE-MEMS1.11.0.0
2024-11-17 10:03:07,543 [WARN] PackLoader:240 - Cannot read IP mode file for STMicroelectronics.FP-SNS-FLIGHT1.5.0.2
2024-11-17 10:03:07,551 [WARN] PackLoader:240 - Cannot read IP mode file for STMicroelectronics.X-CUBE-DISPLAY.3.0.0
2024-11-17 10:03:07,560 [WARN] PackLoader:240 - Cannot read IP mode file for STMicroelectronics.X-CUBE-BLE1.7.0.0
2024-11-17 10:03:07,565 [WARN] PackLoader:240 - Cannot read IP mode file for STMicroelectronics.X-CUBE-NFC10.1.0.0
2024-11-17 10:03:07,570 [WARN] PackLoader:240 - Cannot read IP mode file for emotas.I-CUBE-CANOPEN.1.3.0
2024-11-17 10:03:07,581 [WARN] PackLoader:240 - Cannot read IP mode file for STMicroelectronics.X-CUBE-BLEMGR.3.1.0
2024-11-17 10:03:07,591 [WARN] PackLoader:240 - Cannot read IP mode file for STMicroelectronics.FP-SNS-SMARTAG2.1.2.0
2024-11-17 10:03:07,601 [INFO] LogOutputStream:77 - [STDOUT_REDIRECT] 1 : Invalid condition id : UX_CORESTACK_Condition cause : null
2024-11-17 10:03:07,601 [INFO] LogOutputStream:77 - [STDOUT_REDIRECT] 1 : Invalid condition id : UX_CORESTACK_Condition cause : null
2024-11-17 10:03:07,601 [INFO] LogOutputStream:77 - [STDOUT_REDIRECT] 1 : Invalid condition id : UX_CORESTACK_Condition cause : null
2024-11-17 10:03:07,601 [INFO] LogOutputStream:77 - [STDOUT_REDIRECT] 1 : Invalid condition id : UX_CORESTACK_Condition cause : null
2024-11-17 10:03:07,607 [INFO] LogOutputStream:77 - [STDOUT_REDIRECT] 1 : Invalid condition id : UX_CORESTACK_Condition cause : null
2024-11-17 10:03:07,607 [WARN] PackLoader:240 - Cannot read IP mode file for STMicroelectronics.X-CUBE-AZRTOS-WL.2.0.0
2024-11-17 10:03:07,611 [WARN] PackLoader:240 - Cannot read IP mode file for STMicroelectronics.FP-SNS-MOTENV1.5.0.0
2024-11-17 10:03:07,611 [WARN] PackLoader:240 - Cannot read IP mode file for wolfSSL.I-CUBE-wolfMQTT.1.19.0
2024-11-17 10:03:07,621 [WARN] PackLoader:240 - Cannot read IP mode file for WES.I-CUBE-Cesium.1.3.0
2024-11-17 10:03:07,630 [WARN] PackLoader:240 - Cannot read IP mode file for STMicroelectronics.X-CUBE-BLE2.3.3.0
2024-11-17 10:03:07,630 [WARN] PackLoader:240 - Cannot read IP mode file for STMicroelectronics.X-CUBE-NFC9.1.0.0
2024-11-17 10:03:07,641 [WARN] PackLoader:240 - Cannot read IP mode file for STMicroelectronics.X-CUBE-TCPP.4.1.0
2024-11-17 10:03:07,651 [WARN] PackLoader:240 - Cannot read IP mode file for STMicroelectronics.X-CUBE-ALGOBUILD.1.3.0
2024-11-17 10:03:07,661 [WARN] PackLoader:240 - Cannot read IP mode file for STMicroelectronics.X-CUBE-AZRTOS-G0.1.1.0
2024-11-17 10:03:07,671 [WARN] PackLoader:240 - Cannot read IP mode file for STMicroelectronics.X-CUBE-SAFEA1.1.2.2
2024-11-17 10:03:07,676 [WARN] PackLoader:240 - Cannot read IP mode file for STMicroelectronics.X-CUBE-NFC4.3.0.0
2024-11-17 10:03:07,686 [WARN] PackLoader:240 - Cannot read IP mode file for EmbeddedOffice.I-CUBE-FS-RTOS.1.0.1
2024-11-17 10:03:07,686 [ERROR] ConditionMgr:805 - Attr not supported : Dmpu
2024-11-17 10:03:07,686 [ERROR] ConditionMgr:805 - Attr not supported : Dmpu
2024-11-17 10:03:07,686 [ERROR] ConditionMgr:805 - Attr not supported : Dmpu
2024-11-17 10:03:07,686 [ERROR] ConditionMgr:805 - Attr not supported : Dmpu
2024-11-17 10:03:07,686 [ERROR] ConditionMgr:805 - Attr not supported : Dmpu
2024-11-17 10:03:07,686 [ERROR] ConditionMgr:805 - Attr not supported : Dmpu
2024-11-17 10:03:07,686 [ERROR] ConditionMgr:805 - Attr not supported : Dmpu
2024-11-17 10:03:07,686 [ERROR] ConditionMgr:805 - Attr not supported : Dmpu
2024-11-17 10:03:07,686 [ERROR] ConditionMgr:805 - Attr not supported : Dmpu
2024-11-17 10:03:07,686 [ERROR] ConditionMgr:805 - Attr not supported : Dmpu
2024-11-17 10:03:07,686 [ERROR] ConditionMgr:805 - Attr not supported : Dmpu
2024-11-17 10:03:07,686 [ERROR] ConditionMgr:805 - Attr not supported : Dmpu
2024-11-17 10:03:07,686 [ERROR] ConditionMgr:805 - Attr not supported : Dmpu
2024-11-17 10:03:07,686 [ERROR] ConditionMgr:805 - Attr not supported : Dmpu
2024-11-17 10:03:07,686 [ERROR] ConditionMgr:805 - Attr not supported : Dmpu
2024-11-17 10:03:07,686 [ERROR] ConditionMgr:805 - Attr not supported : Dmpu
2024-11-17 10:03:07,686 [ERROR] ConditionMgr:805 - Attr not supported : Dmpu
2024-11-17 10:03:07,686 [ERROR] ConditionMgr:805 - Attr not supported : Dmpu
2024-11-17 10:03:07,686 [ERROR] ConditionMgr:805 - Attr not supported : Dmpu
2024-11-17 10:03:07,686 [ERROR] ConditionMgr:805 - Attr not supported : Dmpu
2024-11-17 10:03:07,686 [ERROR] ConditionMgr:805 - Attr not supported : Dmpu
2024-11-17 10:03:07,686 [ERROR] ConditionMgr:805 - Attr not supported : Dmpu
2024-11-17 10:03:07,686 [ERROR] ConditionMgr:805 - Attr not supported : Dmpu
2024-11-17 10:03:07,686 [ERROR] ConditionMgr:805 - Attr not supported : Dmpu
2024-11-17 10:03:07,686 [ERROR] ConditionMgr:805 - Attr not supported : Dmpu
2024-11-17 10:03:07,686 [ERROR] ConditionMgr:805 - Attr not supported : Dmpu
2024-11-17 10:03:07,686 [ERROR] ConditionMgr:805 - Attr not supported : Dmpu
2024-11-17 10:03:07,686 [ERROR] ConditionMgr:805 - Attr not supported : Dmpu
2024-11-17 10:03:07,686 [ERROR] ConditionMgr:805 - Attr not supported : Dmpu
2024-11-17 10:03:07,686 [ERROR] ConditionMgr:805 - Attr not supported : Dmpu
2024-11-17 10:03:07,686 [ERROR] ConditionMgr:805 - Attr not supported : Dmpu
2024-11-17 10:03:07,686 [ERROR] ConditionMgr:805 - Attr not supported : Dmpu
2024-11-17 10:03:07,686 [ERROR] ConditionMgr:805 - Attr not supported : Dmpu
2024-11-17 10:03:07,686 [ERROR] ConditionMgr:805 - Attr not supported : Dmpu
2024-11-17 10:03:07,686 [ERROR] ConditionMgr:805 - Attr not supported : Dmpu
2024-11-17 10:03:07,686 [ERROR] ConditionMgr:805 - Attr not supported : Dmpu
2024-11-17 10:03:07,686 [ERROR] ConditionMgr:805 - Attr not supported : Dmpu
2024-11-17 10:03:07,686 [ERROR] ConditionMgr:805 - Attr not supported : Dmpu
2024-11-17 10:03:07,686 [ERROR] ConditionMgr:805 - Attr not supported : Dmpu
2024-11-17 10:03:07,686 [ERROR] ConditionMgr:805 - Attr not supported : Dmpu
2024-11-17 10:03:07,686 [ERROR] ConditionMgr:805 - Attr not supported : Dmpu
2024-11-17 10:03:07,686 [ERROR] ConditionMgr:805 - Attr not supported : Dmpu
2024-11-17 10:03:07,686 [ERROR] ConditionMgr:805 - Attr not supported : Dmpu
2024-11-17 10:03:07,686 [ERROR] ConditionMgr:805 - Attr not supported : Dmpu
2024-11-17 10:03:07,686 [ERROR] ConditionMgr:805 - Attr not supported : Dmpu
2024-11-17 10:03:07,686 [ERROR] ConditionMgr:805 - Attr not supported : Dmpu
2024-11-17 10:03:07,686 [ERROR] ConditionMgr:805 - Attr not supported : Dmpu
2024-11-17 10:03:07,686 [ERROR] ConditionMgr:805 - Attr not supported : Dmpu
2024-11-17 10:03:07,686 [ERROR] ConditionMgr:805 - Attr not supported : Dmpu
2024-11-17 10:03:07,686 [ERROR] ConditionMgr:805 - Attr not supported : Dmpu
2024-11-17 10:03:07,686 [ERROR] ConditionMgr:805 - Attr not supported : Dmpu
2024-11-17 10:03:07,686 [ERROR] ConditionMgr:805 - Attr not supported : Dmpu
2024-11-17 10:03:07,690 [ERROR] ConditionMgr:805 - Attr not supported : Dmpu
2024-11-17 10:03:07,690 [ERROR] ConditionMgr:805 - Attr not supported : Dmpu
2024-11-17 10:03:07,690 [ERROR] ConditionMgr:805 - Attr not supported : Dmpu
2024-11-17 10:03:07,690 [ERROR] ConditionMgr:805 - Attr not supported : Dmpu
2024-11-17 10:03:07,690 [ERROR] ConditionMgr:805 - Attr not supported : Dmpu
2024-11-17 10:03:07,690 [ERROR] ConditionMgr:805 - Attr not supported : Dmpu
2024-11-17 10:03:07,690 [ERROR] ConditionMgr:805 - Attr not supported : Dmpu
2024-11-17 10:03:07,690 [ERROR] ConditionMgr:805 - Attr not supported : Dmpu
2024-11-17 10:03:07,690 [ERROR] ConditionMgr:805 - Attr not supported : Dmpu
2024-11-17 10:03:07,690 [ERROR] ConditionMgr:805 - Attr not supported : Dmpu
2024-11-17 10:03:07,690 [ERROR] ConditionMgr:805 - Attr not supported : Dmpu
2024-11-17 10:03:07,690 [ERROR] ConditionMgr:805 - Attr not supported : Dmpu
2024-11-17 10:03:07,690 [WARN] PackLoader:240 - Cannot read IP mode file for STMicroelectronics.X-CUBE-BLEMGR.3.0.0
2024-11-17 10:03:07,701 [WARN] PackLoader:240 - Cannot read IP mode file for RealThread.X-CUBE-RT-Thread_Nano.4.1.1
2024-11-17 10:03:07,710 [WARN] PackLoader:240 - Cannot read IP mode file for STMicroelectronics.FP-ATR-SIGFOX1.3.2.0
2024-11-17 10:03:07,711 [WARN] ConditionMgr:438 - getConditionDescription Invalid condition id : Cortex-A Device cause : null
2024-11-17 10:03:07,711 [WARN] ConditionMgr:1039 - genDependencies : Invalid condition id : Cortex-A Device cause : null
2024-11-17 10:03:07,711 [WARN] ConditionMgr:1039 - genDependencies : Invalid condition id : Cortex-A Device cause : null
2024-11-17 10:03:07,711 [WARN] ConditionMgr:1039 - genDependencies : Invalid condition id : Cortex-A Device cause : null
2024-11-17 10:03:07,721 [WARN] PackLoader:240 - Cannot read IP mode file for STMicroelectronics.X-CUBE-EEPRMA1.5.1.0
2024-11-17 10:03:07,746 [WARN] PackLoader:240 - Cannot read IP mode file for SEGGER.I-CUBE-embOS.1.3.1
2024-11-17 10:03:07,771 [WARN] PackLoader:240 - Cannot read IP mode file for STMicroelectronics.X-CUBE-ALGOBUILD.1.4.0
2024-11-17 10:03:07,776 [WARN] PackLoader:240 - Cannot read IP mode file for STMicroelectronics.X-CUBE-AI.9.1.0
2024-11-17 10:03:07,781 [WARN] PackLoader:240 - Cannot read IP mode file for STMicroelectronics.X-CUBE-GNSS1.6.0.0
2024-11-17 10:03:07,816 [WARN] PackLoader:240 - Cannot read IP mode file for STMicroelectronics.X-CUBE-AZRTOS-F4.1.1.0
2024-11-17 10:03:07,822 [WARN] PackLoader:240 - Cannot read IP mode file for STMicroelectronics.X-CUBE-ISPU.2.1.0
2024-11-17 10:03:07,831 [WARN] PackLoader:240 - Cannot read IP mode file for STMicroelectronics.X-CUBE-FREERTOS.1.2.0
2024-11-17 10:03:07,836 [WARN] PackLoader:240 - Cannot read IP mode file for wolfSSL.I-CUBE-wolfSSL.5.6.6
2024-11-17 10:03:07,851 [WARN] PackLoader:240 - Cannot read IP mode file for STMicroelectronics.X-CUBE-AZRTOS-L5.2.0.0
2024-11-17 10:03:07,861 [WARN] PackLoader:240 - Cannot read IP mode file for STMicroelectronics.X-CUBE-NFC6.3.1.0
2024-11-17 10:03:07,871 [WARN] PackLoader:240 - Cannot read IP mode file for ITTIA_DB.I-CUBE-ITTIADB.8.8.0
2024-11-17 10:03:07,901 [WARN] PackLoader:240 - Cannot read IP mode file for STMicroelectronics.X-CUBE-DPower.1.2.0
2024-11-17 10:03:07,906 [WARN] PackLoader:240 - Cannot read IP mode file for STMicroelectronics.X-CUBE-AI.9.0.0
2024-11-17 10:03:07,911 [WARN] PackLoader:240 - Cannot read IP mode file for STMicroelectronics.X-CUBE-NFC7.1.0.1
2024-11-17 10:03:07,922 [WARN] PackLoader:240 - Cannot read IP mode file for STMicroelectronics.X-CUBE-NFC6.3.0.0
2024-11-17 10:03:07,930 [WARN] PackLoader:240 - Cannot read IP mode file for STMicroelectronics.X-CUBE-AI.8.1.0
2024-11-17 10:03:07,941 [WARN] ConditionMgr:438 - getConditionDescription Invalid condition id : LAN8742 Phy interface Condition cause : null
2024-11-17 10:03:07,941 [WARN] PackLoader:240 - Cannot read IP mode file for STMicroelectronics.X-CUBE-AZRTOS-L4.2.0.0
2024-11-17 10:03:07,941 [WARN] ConditionMgr:1039 - genDependencies : Invalid condition id : LAN8742 Phy interface Condition cause : null
2024-11-17 10:03:07,941 [WARN] ConditionMgr:1039 - genDependencies : Invalid condition id : LAN8742 Phy interface Condition cause : null
2024-11-17 10:03:07,941 [WARN] ConditionMgr:1039 - genDependencies : Invalid condition id : LAN8742 Phy interface Condition cause : null
2024-11-17 10:03:07,951 [WARN] PackLoader:240 - Cannot read IP mode file for STMicroelectronics.X-CUBE-SFXS2LP1.4.0.0
2024-11-17 10:03:07,961 [WARN] PackLoader:240 - Cannot read IP mode file for STMicroelectronics.X-CUBE-AZRTOS-H7.3.3.0
2024-11-17 10:03:07,976 [WARN] PackLoader:240 - Cannot read IP mode file for STMicroelectronics.X-CUBE-IPS.3.0.0
2024-11-17 10:03:07,991 [WARN] ConditionMgr:438 - getConditionDescription Invalid condition id : UX DEVICE CLASS RTOS Condition cause : null
2024-11-17 10:03:07,991 [WARN] ConditionMgr:438 - getConditionDescription Invalid condition id : UX DEVICE CLASS RTOS Condition cause : null
2024-11-17 10:03:07,991 [WARN] PackLoader:240 - Cannot read IP mode file for STMicroelectronics.X-CUBE-AZRTOS-WB.2.0.0
2024-11-17 10:03:07,991 [WARN] ConditionMgr:1039 - genDependencies : Invalid condition id : UX DEVICE CLASS RTOS Condition cause : null
2024-11-17 10:03:07,991 [WARN] ConditionMgr:1039 - genDependencies : Invalid condition id : UX DEVICE CLASS RTOS Condition cause : null
2024-11-17 10:03:07,991 [WARN] ConditionMgr:1039 - genDependencies : Invalid condition id : UX DEVICE CLASS RTOS Condition cause : null
2024-11-17 10:03:07,991 [WARN] ConditionMgr:1039 - genDependencies : Invalid condition id : UX DEVICE CLASS RTOS Condition cause : null
2024-11-17 10:03:07,991 [WARN] ConditionMgr:1039 - genDependencies : Invalid condition id : UX DEVICE CLASS RTOS Condition cause : null
2024-11-17 10:03:08,001 [WARN] PackLoader:240 - Cannot read IP mode file for STMicroelectronics.X-CUBE-GNSS1.7.0.0
2024-11-17 10:03:08,001 [WARN] PackLoader:240 - Cannot read IP mode file for STMicroelectronics.FP-SNS-STBOX1.2.0.0
2024-11-17 10:03:08,020 [WARN] PackLoader:240 - Cannot read IP mode file for STMicroelectronics.X-CUBE-SUBG2.5.0.0
2024-11-17 10:03:08,022 [WARN] PackLoader:240 - Cannot read IP mode file for Cesanta.I-CUBE-Mongoose.7.13.0
2024-11-17 10:03:08,030 [WARN] PackLoader:240 - Cannot read IP mode file for STMicroelectronics.X-CUBE-AZRTOS-G4.2.0.0
2024-11-17 10:03:08,046 [WARN] PackLoader:240 - Cannot read IP mode file for Infineon.AIROC-Wi-Fi-Bluetooth-STM32.1.5.1
2024-11-17 10:03:08,056 [WARN] PackLoader:240 - Cannot read IP mode file for STMicroelectronics.FP-SNS-MOTENVWB1.1.3.1
2024-11-17 10:03:08,061 [WARN] PackLoader:240 - Cannot read IP mode file for STMicroelectronics.X-CUBE-ISPU.2.0.0
2024-11-17 10:03:08,070 [WARN] PackLoader:240 - Cannot read IP mode file for STMicroelectronics.X-CUBE-ALS.1.0.2
2024-11-17 10:03:08,091 [WARN] PackLoader:240 - Cannot read IP mode file for STMicroelectronics.X-CUBE-MEMS1.10.0.0
2024-11-17 10:03:08,150 [WARN] PackLoader:240 - Cannot read IP mode file for STMicroelectronics.X-CUBE-FREERTOS.1.1.0
2024-11-17 10:03:08,161 [WARN] PackLoader:240 - Cannot read IP mode file for STMicroelectronics.X-CUBE-TOUCHGFX.4.24.1
2024-11-17 10:03:08,166 [WARN] PackLoader:240 - Cannot read IP mode file for wolfSSL.I-CUBE-wolfTPM.3.4.0
2024-11-17 10:03:08,171 [WARN] PackLoader:240 - Cannot read IP mode file for portGmbH.I-Cube-SoM-uGOAL.1.1.0
2024-11-17 10:03:08,171 [WARN] PackLoader:240 - Cannot read IP mode file for STMicroelectronics.X-CUBE-ALS.1.0.1
2024-11-17 10:03:08,191 [WARN] PackLoader:240 - Cannot read IP mode file for STMicroelectronics.X-CUBE-AZRTOS-H7RS.1.0.0
2024-11-17 10:03:08,196 [WARN] PackLoader:240 - Cannot read IP mode file for STMicroelectronics.FP-ATR-ASTRA1.2.0.0
2024-11-17 10:03:08,201 [WARN] PackLoader:240 - Cannot read IP mode file for STMicroelectronics.X-CUBE-TOF1.3.4.2
2024-11-17 10:03:08,216 [WARN] PackLoader:240 - Cannot read IP mode file for STMicroelectronics.X-CUBE-TOF1.3.4.0
2024-11-17 10:03:08,226 [WARN] PackLoader:240 - Cannot read IP mode file for STMicroelectronics.X-CUBE-TOF1.3.4.1
2024-11-17 10:03:08,240 [WARN] PackLoader:240 - Cannot read IP mode file for STMicroelectronics.X-CUBE-AZRTOS-H7.3.2.0
2024-11-17 10:03:08,240 [WARN] PackLoader:240 - Cannot read IP mode file for wolfSSL.I-CUBE-wolfSSH.1.4.17
2024-11-17 10:03:08,240 [INFO] ThirdParty:978 - Integrity check success = true
2024-11-17 10:03:08,240 [INFO] IntegrityCheckThread:100 - exiting critical section [integrity check]
2024-11-17 10:03:08,250 [INFO] IntegrityCheckThread:103 - End integrity checks thread
2024-11-17 10:03:08,640 [INFO] WebApp:161 - Instantiating new browser for Auth
2024-11-17 10:03:09,014 [INFO] WebApp:779 - Register for checkConnection events
2024-11-17 10:03:09,014 [INFO] WebApp:414 - Apply proxy settings
2024-11-17 10:03:09,014 [INFO] WebApp:499 - Chromium requires no authentication
2024-11-17 10:03:09,021 [INFO] WebApp:442 - Direct internet connection detected
2024-11-17 10:03:09,141 [INFO] WebApp:192 - Starting web application
2024-11-17 10:03:09,141 [INFO] WebApp:544 - Web application path used D:\IDE\STM32CubeIDE_1.14.1\STM32CubeIDE\plugins\com.st.stm32cube.common.mx_6.11.0.202403141607\db\plugins\mcufinder\reactClient1\index.html
2024-11-17 17:24:36,458 [ERROR] LogOutputStream:75 - [STDERR_REDIRECT] 
